Arguments: 
  /Users/xiaoyuehu/.nvm/versions/node/v16.13.0/bin/node /Users/xiaoyuehu/.yarn/bin/yarn.js install

PATH: 
  /Users/xiaoyuehu/.pyenv/shims:/Users/xiaoyuehu/.yarn/bin:/Users/xiaoyuehu/.config/yarn/global/node_modules/.bin:/Users/xiaoyuehu/.nvm/versions/node/v16.13.0/bin:/Users/xiaoyuehu/.autojump/bin:/usr/local/bin:/usr/bin:/bin:/usr/sbin:/sbin:/Library/Apple/usr/bin:/Library/Frameworks/Mono.framework/Versions/Current/Commands

Yarn version: 
  1.22.5

Node version: 
  16.13.0

Platform: 
  darwin x64

Trace: 
  Error: https://registry.npmjs.org/react: ETIMEDOUT
      at Timeout._onTimeout (/Users/xiaoyuehu/.yarn/lib/cli.js:141409:19)
      at listOnTimeout (node:internal/timers:557:17)
      at processTimers (node:internal/timers:500:7)

npm manifest: 
  {
    "name": "tree-view",
    "version": "0.0.1",
    "private": true,
    "devDependencies": {
      "deep-freeze": "0.0.1",
      "enzyme": "^3.11.0",
      "enzyme-adapter-react-16": "^1.15.2",
      "react-scripts": "^3.4.1"
    },
    "dependencies": {
      "react": "^16.13.1",
      "react-dom": "^16.13.1",
      "react-redux": "^7.2.0",
      "redux": "^4.0.5"
    },
    "scripts": {
      "start": "react-scripts start",
      "build": "react-scripts build",
      "eject": "react-scripts eject",
      "test": "react-scripts test --env=node"
    },
    "browserslist": [
      ">0.2%",
      "not dead",
      "not ie <= 11",
      "not op_mini all"
    ]
  }

yarn manifest: 
  No manifest

Lockfile: 
  No lockfile
